Arguments: 
  /Users/sho/.nodebrew/node/v8.12.0/bin/node /usr/local/Cellar/yarn/1.12.3/libexec/bin/yarn.js init

PATH: 
  /Users/sho/.rbenv/shims:/Users/sho/.yarn/bin:/Users/sho/.config/yarn/global/node_modules/.bin:/Users/sho/Library/Python/2.7/bin:/Users/sho/.kotlin/bin:/Users/sho/projects/go/bin:/Users/sho/.nodebrew/current/bin:/Users/sho/.zsh/funcs:/Users/sho/.bin:/Users/sho/.cargo/bin:/usr/local/bin:/usr/bin:/bin:/usr/sbin:/sbin:/Users/sho/Library/Android/sdk/platform-tools:/usr/local/Cellar/python3/3.6.4/Frameworks/Python.framework/Versions/3.6/bin:/Users/sho/.fzf/bin

Yarn version: 
  1.12.3

Node version: 
  8.12.0

Platform: 
  darwin x64

Trace: 
  Error: canceled
      at Interface.<anonymous> (/usr/local/Cellar/yarn/1.12.3/libexec/lib/cli.js:125278:13)
      at emitNone (events.js:106:13)
      at Interface.emit (events.js:208:7)
      at Interface._ttyWrite (readline.js:774:16)
      at ReadStream.onkeypress (readline.js:158:10)
      at emitTwo (events.js:126:13)
      at ReadStream.emit (events.js:214:7)
      at emitKeys (internal/readline.js:420:14)
      at emitKeys.next (<anonymous>)
      at ReadStream.onData (readline.js:1010:36)

npm manifest: 
  No manifest

yarn manifest: 
  No manifest

Lockfile: 
  No lockfile
